<?xml version="1.0" encoding="UTF-8"?>
<!-- Generated by org.testng.reporters.JUnitXMLReporter -->
<testsuite hostname="Andrews-MacBook-Pro.local" ignored="1" name="TestWithGroups" tests="3" failures="0" timestamp="27 Jul 2018 16:55:15 GMT" time="25.12" errors="0">
  <testcase name="confirmHomePage" time="0.007" classname="com.revature.testng.NewAndImprovedMercuryDriver"/>
  <testcase name="loginToMercury" time="17.171" classname="com.revature.testng.NewAndImprovedMercuryDriver"/>
  <testcase name="findFlights" time="4.402" classname="com.revature.testng.NewAndImprovedMercuryDriver"/>
  <testcase name="doEveryThing" time="0.0" classname="com.revature.testng.NewAndImprovedMercuryDriver">
    <ignored/>
  </testcase> <!-- doEveryThing -->
</testsuite> <!-- TestWithGroups -->
