<?xml version="1.0" encoding="UTF-8"?>
<!-- Generated by org.testng.reporters.JUnitXMLReporter -->
<testsuite hostname="Andrews-MacBook-Pro.local" ignored="1" name="Command line test" tests="2" failures="0" timestamp="27 Jul 2018 19:42:27 GMT" time="0.017" errors="0">
  <testcase name="f" time="0.001" classname="com.revature.testng.NewTest"/>
  <testcase name="h" time="0.0" classname="com.revature.testng.NewTest"/>
  <testcase name="g" time="0.0" classname="com.revature.testng.NewTest">
    <ignored/>
  </testcase> <!-- g -->
</testsuite> <!-- Command line test -->
